<?xml version="1.0" encoding="UTF-8"?>
<!-- Generated by org.testng.reporters.JUnitReportReporter -->
<testsuite skipped="0" hostname="Basu-PC" name="restAssuredAPITest.DELETE_Request" tests="1" failures="0" timestamp="10 Dec 2019 17:29:31 GMT" time="7.440" errors="0">
  <testcase name="deleteEmpRecord" time="7.440" classname="restAssuredAPITest.DELETE_Request"/>
</testsuite> <!-- restAssuredAPITest.DELETE_Request -->
