<?xml version="1.0" encoding="UTF-8"?>
<!-- Generated by org.testng.reporters.JUnitReportReporter -->
<testsuite skipped="0" hostname="Basu-PC" name="restAssuredAPITest.BasicValidation_JSON" tests="5" failures="0" timestamp="17 Jun 2019 06:07:10 GMT" time="7.187" errors="0">
  <testcase name="testStatusCode" time="3.656" classname="restAssuredAPITest.BasicValidation_JSON"/>
  <testcase name="testLogging" time="0.912" classname="restAssuredAPITest.BasicValidation_JSON"/>
  <testcase name="testSingleContent" time="1.507" classname="restAssuredAPITest.BasicValidation_JSON"/>
  <testcase name="testMultipleContent" time="0.543" classname="restAssuredAPITest.BasicValidation_JSON"/>
  <testcase name="testParametersAndHeaders" time="0.569" classname="restAssuredAPITest.BasicValidation_JSON"/>
</testsuite> <!-- restAssuredAPITest.BasicValidation_JSON -->
