<?xml version="1.0" encoding="UTF-8"?>
<!-- Generated by org.testng.reporters.JUnitReportReporter -->
<testsuite skipped="0" hostname="Basu-PC" name="restAssuredAPITest.PUT_Request" tests="1" failures="0" timestamp="10 Dec 2019 17:23:42 GMT" time="13.101" errors="0">
  <testcase name="setUp" time="13.101" classname="restAssuredAPITest.PUT_Request"/>
</testsuite> <!-- restAssuredAPITest.PUT_Request -->
