<?xml version="1.0" encoding="UTF-8"?>
<!-- Generated by org.testng.reporters.JUnitReportReporter -->
<testsuite skipped="0" hostname="Basu-PC" name="restAssuredAPITest.POST_Request" tests="1" failures="0" timestamp="07 Jun 2019 08:43:21 GMT" time="4.514" errors="0">
  <testcase name="testPost" time="4.514" classname="restAssuredAPITest.POST_Request"/>
</testsuite> <!-- restAssuredAPITest.POST_Request -->
